<?xml version="1.0" encoding="UTF-8"?>
<testng-results ignored="0" total="1" passed="1" failed="0" skipped="0">
  <reporter-output>
  </reporter-output>
  <suite started-at="2024-01-30T16:05:22 IST" name="Surefire suite" finished-at="2024-01-30T16:05:22 IST" duration-ms="102">
    <groups>
    </groups>
    <test started-at="2024-01-30T16:05:22 IST" name="Surefire test" finished-at="2024-01-30T16:05:22 IST" duration-ms="102">
      <class name="TestRunner.Test1">
        <test-method signature="test01()[pri:0, instance:TestRunner.Test1@732c2a62]" started-at="2024-01-30T16:05:22 IST" name="test01" finished-at="2024-01-30T16:05:22 IST" duration-ms="9" status="PASS">
          <reporter-output>
          </reporter-output>
        </test-method> <!-- test01 -->
      </class> <!-- TestRunner.Test1 -->
    </test> <!-- Surefire test -->
  </suite> <!-- Surefire suite -->
</testng-results>
